Watching for file changes with StatReloader
/app/apps/jobs/views.py changed, reloading.
Watching for file changes with StatReloader
/app/apps/jobs/views.py changed, reloading.
Watching for file changes with StatReloader
/app/apps/jobs/views.py changed, reloading.
Watching for file changes with StatReloader
/app/apps/jobs/views.py changed, reloading.
Watching for file changes with StatReloader
/app/apps/jobs/views.py changed, reloading.
Watching for file changes with StatReloader
/app/apps/jobs/views.py changed, reloading.
Watching for file changes with StatReloader
/app/apps/jobs/views.py changed, reloading.
Watching for file changes with StatReloader
/app/apps/jobs/views.py changed, reloading.
Watching for file changes with StatReloader
/app/apps/jobs/views.py changed, reloading.
Watching for file changes with StatReloader
/app/apps/jobs/views.py changed, reloading.
Watching for file changes with StatReloader
/app/apps/jobs/views.py changed, reloading.
Watching for file changes with StatReloader
/app/apps/jobs/views.py changed, reloading.
Watching for file changes with StatReloader
/app/apps/jobs/views.py changed, reloading.
Watching for file changes with StatReloader
/app/apps/jobs/views.py changed, reloading.
Watching for file changes with StatReloader
/app/apps/jobs/views.py changed, reloading.
Watching for file changes with StatReloader
/app/apps/jobs/views.py changed, reloading.
Watching for file changes with StatReloader
/app/apps/jobs/views.py changed, reloading.
Watching for file changes with StatReloader
/app/apps/jobs/views.py changed, reloading.
Watching for file changes with StatReloader
/app/apps/jobs/views.py changed, reloading.
Watching for file changes with StatReloader
/app/apps/jobs/views.py changed, reloading.
Watching for file changes with StatReloader
/app/apps/jobs/views.py changed, reloading.
Watching for file changes with StatReloader
/app/apps/jobs/views.py changed, reloading.
Watching for file changes with StatReloader
/app/apps/jobs/views.py changed, reloading.
Watching for file changes with StatReloader
/app/manage.py changed, reloading.
Watching for file changes with StatReloader
/app/core/settings/base.py changed, reloading.
Watching for file changes with StatReloader
Not Found: /api/
"GET /api/ HTTP/1.1" 404 3457
"GET /health/ HTTP/1.1" 200 5167
"GET /static/rest_framework/css/default.css HTTP/1.1" 200 1152
"GET /static/rest_framework/css/bootstrap-tweaks.css HTTP/1.1" 200 3426
"GET /static/rest_framework/css/prettify.css HTTP/1.1" 200 817
"GET /static/rest_framework/js/ajax-form.js HTTP/1.1" 200 3796
"GET /static/rest_framework/js/csrf.js HTTP/1.1" 200 1793
"GET /static/rest_framework/js/prettify-min.js HTTP/1.1" 200 13632
"GET /static/rest_framework/css/bootstrap.min.css HTTP/1.1" 200 121457
"GET /static/rest_framework/js/bootstrap.min.js HTTP/1.1" 200 39680
"GET /static/rest_framework/js/default.js HTTP/1.1" 200 1268
"GET /static/rest_framework/js/jquery-3.7.1.min.js HTTP/1.1" 200 87533
"GET /static/rest_framework/js/load-ajax-form.js HTTP/1.1" 200 59
"GET /static/rest_framework/img/grid.png HTTP/1.1" 200 1458
/app/core/settings/base.py changed, reloading.
Watching for file changes with StatReloader
/app/core/settings/base.py changed, reloading.
Watching for file changes with StatReloader
/app/core/settings/base.py changed, reloading.
Watching for file changes with StatReloader
/app/core/settings/base.py changed, reloading.
Watching for file changes with StatReloader
/app/core/settings/base.py changed, reloading.
Watching for file changes with StatReloader
Watching for file changes with StatReloader
"OPTIONS /api/auth/login/ HTTP/1.1" 200 0
"OPTIONS /api/auth/login/ HTTP/1.1" 200 0
"OPTIONS /api/auth/login/ HTTP/1.1" 200 0
"OPTIONS /api/auth/login/ HTTP/1.1" 200 0
"OPTIONS /api/auth/login/ HTTP/1.1" 200 0
"OPTIONS /api/auth/login/ HTTP/1.1" 200 0
"OPTIONS /api/auth/login/ HTTP/1.1" 200 0
"OPTIONS /api/auth/login/ HTTP/1.1" 200 0
"OPTIONS /api/auth/login/ HTTP/1.1" 200 0
"OPTIONS /api/auth/login/ HTTP/1.1" 200 0
"OPTIONS /api/auth/login/ HTTP/1.1" 200 0
"OPTIONS /api/auth/login/ HTTP/1.1" 200 0
"OPTIONS /api/auth/login/ HTTP/1.1" 200 0
"OPTIONS /api/auth/login/ HTTP/1.1" 200 0
"OPTIONS /api/auth/login/ HTTP/1.1" 200 0
"OPTIONS /api/auth/login/ HTTP/1.1" 200 0
"OPTIONS /api/auth/login/ HTTP/1.1" 200 0
"OPTIONS /api/auth/login/ HTTP/1.1" 200 0
"OPTIONS /api/auth/login/ HTTP/1.1" 200 0
"OPTIONS /api/auth/login/ HTTP/1.1" 200 0
"OPTIONS /api/auth/login/ HTTP/1.1" 200 0
"OPTIONS /api/auth/login/ HTTP/1.1" 200 0
"OPTIONS /api/auth/login/ HTTP/1.1" 200 0
"OPTIONS /api/auth/login/ HTTP/1.1" 200 0
"OPTIONS /api/auth/login/ HTTP/1.1" 200 0
"OPTIONS /api/auth/login/ HTTP/1.1" 200 0
"OPTIONS /api/auth/login/ HTTP/1.1" 200 0
"OPTIONS /api/auth/login/ HTTP/1.1" 200 0
"OPTIONS /api/auth/login/ HTTP/1.1" 200 0
"OPTIONS /api/auth/login/ HTTP/1.1" 200 0
"OPTIONS /api/auth/login/ HTTP/1.1" 200 0
"OPTIONS /api/auth/login/ HTTP/1.1" 200 0
Not Found: /
"GET / HTTP/1.1" 404 3427
Not Found: /
"GET / HTTP/1.1" 404 3427
Not Found: /
"GET / HTTP/1.1" 404 3427
Not Found: /favicon.ico
"GET /favicon.ico HTTP/1.1" 404 3478
Not Found: /api/auth
"GET /api/auth HTTP/1.1" 404 3469
Not Found: /api/
"GET /api/ HTTP/1.1" 404 3457
Method Not Allowed: /api/auth/login/
"GET /api/auth/login/ HTTP/1.1" 405 5628
"GET /static/rest_framework/js/ajax-form.js HTTP/1.1" 200 3796
"GET /static/rest_framework/css/prettify.css HTTP/1.1" 200 817
"GET /static/rest_framework/css/default.css HTTP/1.1" 200 1152
"GET /static/rest_framework/css/bootstrap-tweaks.css HTTP/1.1" 200 3426
"GET /static/rest_framework/js/jquery-3.7.1.min.js HTTP/1.1" 200 87533
"GET /static/rest_framework/css/bootstrap.min.css HTTP/1.1" 200 121457
"GET /static/rest_framework/js/csrf.js HTTP/1.1" 200 1793
"GET /static/rest_framework/js/prettify-min.js HTTP/1.1" 200 13632
"GET /static/rest_framework/js/default.js HTTP/1.1" 200 1268
"GET /static/rest_framework/js/load-ajax-form.js HTTP/1.1" 200 59
"GET /static/rest_framework/js/bootstrap.min.js HTTP/1.1" 200 39680
"GET /static/rest_framework/img/grid.png HTTP/1.1" 200 1458
Not Found: /api
"GET /api HTTP/1.1" 404 3454
Not Found: /favicon.ico
"GET /favicon.ico HTTP/1.1" 404 3478
Not Found: /api/auth/
"GET /api/auth/ HTTP/1.1" 404 4116
Method Not Allowed: /api/auth/login/
"GET /api/auth/login/ HTTP/1.1" 405 5628
"GET /static/rest_framework/css/bootstrap-tweaks.css HTTP/1.1" 200 3426
"GET /static/rest_framework/css/bootstrap.min.css HTTP/1.1" 200 121457
"GET /static/rest_framework/js/csrf.js HTTP/1.1" 200 1793
"GET /static/rest_framework/css/default.css HTTP/1.1" 200 1152
"GET /static/rest_framework/js/ajax-form.js HTTP/1.1" 200 3796
"GET /static/rest_framework/css/prettify.css HTTP/1.1" 200 817
"GET /static/rest_framework/js/bootstrap.min.js HTTP/1.1" 200 39680
"GET /static/rest_framework/js/prettify-min.js HTTP/1.1" 200 13632
"GET /static/rest_framework/js/jquery-3.7.1.min.js HTTP/1.1" 200 87533
"GET /static/rest_framework/js/load-ajax-form.js HTTP/1.1" 200 59
"GET /static/rest_framework/js/default.js HTTP/1.1" 200 1268
"GET /static/rest_framework/img/grid.png HTTP/1.1" 200 1458
"OPTIONS /api/auth/login/ HTTP/1.1" 200 0
Not Found: /
"GET / HTTP/1.1" 404 3427
Not Found: /
"GET / HTTP/1.1" 404 3427
Not Found: /
"GET / HTTP/1.1" 404 3427
Not Found: /api/auth/
"GET /api/auth/ HTTP/1.1" 404 4116
Bad Request: /api/auth/register/
"POST /api/auth/register/ HTTP/1.1" 400 31
Internal Server Error: /api/auth/login/
Traceback (most recent call last):
  File "/usr/local/lib/python3.12/site-packages/redis/connection.py", line 1003, in connect_check_health
    sock = self._connect()
           ^^^^^^^^^^^^^^^
  File "/usr/local/lib/python3.12/site-packages/redis/connection.py", line 1515, in _connect
    raise err
  File "/usr/local/lib/python3.12/site-packages/redis/connection.py", line 1499, in _connect
    sock.connect(socket_address)
ConnectionRefusedError: [Errno 111] Connection refused

During handling of the above exception, another exception occurred:

Traceback (most recent call last):
  File "/usr/local/lib/python3.12/site-packages/django/core/handlers/exception.py", line 55, in inner
    response = get_response(request)
               ^^^^^^^^^^^^^^^^^^^^^
  File "/usr/local/lib/python3.12/site-packages/django/core/handlers/base.py", line 198, in _get_response
    response = wrapped_callback(request, *callback_args, **callback_kwargs)
               ^^^^^^^^^^^^^^^^^^^^^^^^^^^^^^^^^^^^^^^^^^^^^^^^^^^^^^^^^^^^
  File "/usr/local/lib/python3.12/site-packages/django/views/decorators/csrf.py", line 65, in _view_wrapper
    return view_func(request, *args, **kwargs)
           ^^^^^^^^^^^^^^^^^^^^^^^^^^^^^^^^^^^
  File "/usr/local/lib/python3.12/site-packages/django/views/generic/base.py", line 106, in view
    return self.dispatch(request, *args, **kwargs)
           ^^^^^^^^^^^^^^^^^^^^^^^^^^^^^^^^^^^^^^^
  File "/usr/local/lib/python3.12/site-packages/rest_framework/views.py", line 515, in dispatch
    response = self.handle_exception(exc)
               ^^^^^^^^^^^^^^^^^^^^^^^^^^
  File "/usr/local/lib/python3.12/site-packages/rest_framework/views.py", line 475, in handle_exception
    self.raise_uncaught_exception(exc)
  File "/usr/local/lib/python3.12/site-packages/rest_framework/views.py", line 486, in raise_uncaught_exception
    raise exc
  File "/usr/local/lib/python3.12/site-packages/rest_framework/views.py", line 512, in dispatch
    response = handler(request, *args, **kwargs)
               ^^^^^^^^^^^^^^^^^^^^^^^^^^^^^^^^^
  File "/usr/local/lib/python3.12/site-packages/rest_framework/decorators.py", line 50, in handler
    return func(*args, **kwargs)
           ^^^^^^^^^^^^^^^^^^^^^
  File "/usr/local/lib/python3.12/site-packages/django_ratelimit/decorators.py", line 19, in _wrapped
    ratelimited = is_ratelimited(request=request, group=group, fn=fn,
                  ^^^^^^^^^^^^^^^^^^^^^^^^^^^^^^^^^^^^^^^^^^^^^^^^^^^
  File "/usr/local/lib/python3.12/site-packages/django_ratelimit/core.py", line 153, in is_ratelimited
    usage = get_usage(request, group, fn, key, rate, method, increment)
            ^^^^^^^^^^^^^^^^^^^^^^^^^^^^^^^^^^^^^^^^^^^^^^^^^^^^^^^^^^^
  File "/usr/local/lib/python3.12/site-packages/django_ratelimit/core.py", line 231, in get_usage
    added = cache.add(cache_key, initial_value, period + EXPIRATION_FUDGE)
            ^^^^^^^^^^^^^^^^^^^^^^^^^^^^^^^^^^^^^^^^^^^^^^^^^^^^^^^^^^^^^^
  File "/usr/local/lib/python3.12/site-packages/django/core/cache/backends/redis.py", line 184, in add
    return self._cache.add(key, value, self.get_backend_timeout(timeout))
           ^^^^^^^^^^^^^^^^^^^^^^^^^^^^^^^^^^^^^^^^^^^^^^^^^^^^^^^^^^^^^^
  File "/usr/local/lib/python3.12/site-packages/django/core/cache/backends/redis.py", line 96, in add
    return bool(client.set(key, value, ex=timeout, nx=True))
                ^^^^^^^^^^^^^^^^^^^^^^^^^^^^^^^^^^^^^^^^^^^
  File "/usr/local/lib/python3.12/site-packages/redis/utils.py", line 493, in wrapper
    return func(*args, **kwargs)
           ^^^^^^^^^^^^^^^^^^^^^
  File "/usr/local/lib/python3.12/site-packages/redis/commands/core.py", line 2668, in set
    return self.execute_command("SET", *pieces, **options)
           ^^^^^^^^^^^^^^^^^^^^^^^^^^^^^^^^^^^^^^^^^^^^^^^
  File "/usr/local/lib/python3.12/site-packages/redis/client.py", line 716, in execute_command
    return self._execute_command(*args, **options)
           ^^^^^^^^^^^^^^^^^^^^^^^^^^^^^^^^^^^^^^^
  File "/usr/local/lib/python3.12/site-packages/redis/client.py", line 722, in _execute_command
    conn = self.connection or pool.get_connection()
                              ^^^^^^^^^^^^^^^^^^^^^
  File "/usr/local/lib/python3.12/site-packages/redis/utils.py", line 236, in wrapper
    return func(*args, **kwargs)
           ^^^^^^^^^^^^^^^^^^^^^
  File "/usr/local/lib/python3.12/site-packages/redis/connection.py", line 3041, in get_connection
    connection.connect()
  File "/usr/local/lib/python3.12/site-packages/redis/connection.py", line 976, in connect
    self.retry.call_with_retry(
  File "/usr/local/lib/python3.12/site-packages/redis/retry.py", line 132, in call_with_retry
    raise error
  File "/usr/local/lib/python3.12/site-packages/redis/retry.py", line 120, in call_with_retry
    return do()
           ^^^^
  File "/usr/local/lib/python3.12/site-packages/redis/connection.py", line 977, in <lambda>
    lambda: self.connect_check_health(
            ^^^^^^^^^^^^^^^^^^^^^^^^^^
  File "/usr/local/lib/python3.12/site-packages/redis/connection.py", line 1025, in connect_check_health
    raise e
redis.exceptions.ConnectionError: Error 111 connecting to redis:17082. Connection refused.
"POST /api/auth/login/ HTTP/1.1" 500 178339
"POST /api/auth/register/ HTTP/1.1" 201 76
"POST /api/auth/register/ HTTP/1.1" 201 76
Internal Server Error: /api/auth/login/
Traceback (most recent call last):
  File "/usr/local/lib/python3.12/site-packages/redis/connection.py", line 1003, in connect_check_health
    sock = self._connect()
           ^^^^^^^^^^^^^^^
  File "/usr/local/lib/python3.12/site-packages/redis/connection.py", line 1515, in _connect
    raise err
  File "/usr/local/lib/python3.12/site-packages/redis/connection.py", line 1499, in _connect
    sock.connect(socket_address)
ConnectionRefusedError: [Errno 111] Connection refused

During handling of the above exception, another exception occurred:

Traceback (most recent call last):
  File "/usr/local/lib/python3.12/site-packages/django/core/handlers/exception.py", line 55, in inner
    response = get_response(request)
               ^^^^^^^^^^^^^^^^^^^^^
  File "/usr/local/lib/python3.12/site-packages/django/core/handlers/base.py", line 198, in _get_response
    response = wrapped_callback(request, *callback_args, **callback_kwargs)
               ^^^^^^^^^^^^^^^^^^^^^^^^^^^^^^^^^^^^^^^^^^^^^^^^^^^^^^^^^^^^
  File "/usr/local/lib/python3.12/site-packages/django/views/decorators/csrf.py", line 65, in _view_wrapper
    return view_func(request, *args, **kwargs)
           ^^^^^^^^^^^^^^^^^^^^^^^^^^^^^^^^^^^
  File "/usr/local/lib/python3.12/site-packages/django/views/generic/base.py", line 106, in view
    return self.dispatch(request, *args, **kwargs)
           ^^^^^^^^^^^^^^^^^^^^^^^^^^^^^^^^^^^^^^^
  File "/usr/local/lib/python3.12/site-packages/rest_framework/views.py", line 515, in dispatch
    response = self.handle_exception(exc)
               ^^^^^^^^^^^^^^^^^^^^^^^^^^
  File "/usr/local/lib/python3.12/site-packages/rest_framework/views.py", line 475, in handle_exception
    self.raise_uncaught_exception(exc)
  File "/usr/local/lib/python3.12/site-packages/rest_framework/views.py", line 486, in raise_uncaught_exception
    raise exc
  File "/usr/local/lib/python3.12/site-packages/rest_framework/views.py", line 512, in dispatch
    response = handler(request, *args, **kwargs)
               ^^^^^^^^^^^^^^^^^^^^^^^^^^^^^^^^^
  File "/usr/local/lib/python3.12/site-packages/rest_framework/decorators.py", line 50, in handler
    return func(*args, **kwargs)
           ^^^^^^^^^^^^^^^^^^^^^
  File "/usr/local/lib/python3.12/site-packages/django_ratelimit/decorators.py", line 19, in _wrapped
    ratelimited = is_ratelimited(request=request, group=group, fn=fn,
                  ^^^^^^^^^^^^^^^^^^^^^^^^^^^^^^^^^^^^^^^^^^^^^^^^^^^
  File "/usr/local/lib/python3.12/site-packages/django_ratelimit/core.py", line 153, in is_ratelimited
    usage = get_usage(request, group, fn, key, rate, method, increment)
            ^^^^^^^^^^^^^^^^^^^^^^^^^^^^^^^^^^^^^^^^^^^^^^^^^^^^^^^^^^^
  File "/usr/local/lib/python3.12/site-packages/django_ratelimit/core.py", line 231, in get_usage
    added = cache.add(cache_key, initial_value, period + EXPIRATION_FUDGE)
            ^^^^^^^^^^^^^^^^^^^^^^^^^^^^^^^^^^^^^^^^^^^^^^^^^^^^^^^^^^^^^^
  File "/usr/local/lib/python3.12/site-packages/django/core/cache/backends/redis.py", line 184, in add
    return self._cache.add(key, value, self.get_backend_timeout(timeout))
           ^^^^^^^^^^^^^^^^^^^^^^^^^^^^^^^^^^^^^^^^^^^^^^^^^^^^^^^^^^^^^^
  File "/usr/local/lib/python3.12/site-packages/django/core/cache/backends/redis.py", line 96, in add
    return bool(client.set(key, value, ex=timeout, nx=True))
                ^^^^^^^^^^^^^^^^^^^^^^^^^^^^^^^^^^^^^^^^^^^
  File "/usr/local/lib/python3.12/site-packages/redis/utils.py", line 493, in wrapper
    return func(*args, **kwargs)
           ^^^^^^^^^^^^^^^^^^^^^
  File "/usr/local/lib/python3.12/site-packages/redis/commands/core.py", line 2668, in set
    return self.execute_command("SET", *pieces, **options)
           ^^^^^^^^^^^^^^^^^^^^^^^^^^^^^^^^^^^^^^^^^^^^^^^
  File "/usr/local/lib/python3.12/site-packages/redis/client.py", line 716, in execute_command
    return self._execute_command(*args, **options)
           ^^^^^^^^^^^^^^^^^^^^^^^^^^^^^^^^^^^^^^^
  File "/usr/local/lib/python3.12/site-packages/redis/client.py", line 722, in _execute_command
    conn = self.connection or pool.get_connection()
                              ^^^^^^^^^^^^^^^^^^^^^
  File "/usr/local/lib/python3.12/site-packages/redis/utils.py", line 236, in wrapper
    return func(*args, **kwargs)
           ^^^^^^^^^^^^^^^^^^^^^
  File "/usr/local/lib/python3.12/site-packages/redis/connection.py", line 3041, in get_connection
    connection.connect()
  File "/usr/local/lib/python3.12/site-packages/redis/connection.py", line 976, in connect
    self.retry.call_with_retry(
  File "/usr/local/lib/python3.12/site-packages/redis/retry.py", line 132, in call_with_retry
    raise error
  File "/usr/local/lib/python3.12/site-packages/redis/retry.py", line 120, in call_with_retry
    return do()
           ^^^^
  File "/usr/local/lib/python3.12/site-packages/redis/connection.py", line 977, in <lambda>
    lambda: self.connect_check_health(
            ^^^^^^^^^^^^^^^^^^^^^^^^^^
  File "/usr/local/lib/python3.12/site-packages/redis/connection.py", line 1025, in connect_check_health
    raise e
redis.exceptions.ConnectionError: Error 111 connecting to redis:17082. Connection refused.
"POST /api/auth/login/ HTTP/1.1" 500 178159
Bad Request: /api/auth/register/
"POST /api/auth/register/ HTTP/1.1" 400 31
Bad Request: /api/auth/register/
"POST /api/auth/register/ HTTP/1.1" 400 31
Internal Server Error: /api/auth/login/
Traceback (most recent call last):
  File "/usr/local/lib/python3.12/site-packages/redis/connection.py", line 1003, in connect_check_health
    sock = self._connect()
           ^^^^^^^^^^^^^^^
  File "/usr/local/lib/python3.12/site-packages/redis/connection.py", line 1515, in _connect
    raise err
  File "/usr/local/lib/python3.12/site-packages/redis/connection.py", line 1499, in _connect
    sock.connect(socket_address)
ConnectionRefusedError: [Errno 111] Connection refused

During handling of the above exception, another exception occurred:

Traceback (most recent call last):
  File "/usr/local/lib/python3.12/site-packages/django/core/handlers/exception.py", line 55, in inner
    response = get_response(request)
               ^^^^^^^^^^^^^^^^^^^^^
  File "/usr/local/lib/python3.12/site-packages/django/core/handlers/base.py", line 198, in _get_response
    response = wrapped_callback(request, *callback_args, **callback_kwargs)
               ^^^^^^^^^^^^^^^^^^^^^^^^^^^^^^^^^^^^^^^^^^^^^^^^^^^^^^^^^^^^
  File "/usr/local/lib/python3.12/site-packages/django/views/decorators/csrf.py", line 65, in _view_wrapper
    return view_func(request, *args, **kwargs)
           ^^^^^^^^^^^^^^^^^^^^^^^^^^^^^^^^^^^
  File "/usr/local/lib/python3.12/site-packages/django/views/generic/base.py", line 106, in view
    return self.dispatch(request, *args, **kwargs)
           ^^^^^^^^^^^^^^^^^^^^^^^^^^^^^^^^^^^^^^^
  File "/usr/local/lib/python3.12/site-packages/rest_framework/views.py", line 515, in dispatch
    response = self.handle_exception(exc)
               ^^^^^^^^^^^^^^^^^^^^^^^^^^
  File "/usr/local/lib/python3.12/site-packages/rest_framework/views.py", line 475, in handle_exception
    self.raise_uncaught_exception(exc)
  File "/usr/local/lib/python3.12/site-packages/rest_framework/views.py", line 486, in raise_uncaught_exception
    raise exc
  File "/usr/local/lib/python3.12/site-packages/rest_framework/views.py", line 512, in dispatch
    response = handler(request, *args, **kwargs)
               ^^^^^^^^^^^^^^^^^^^^^^^^^^^^^^^^^
  File "/usr/local/lib/python3.12/site-packages/rest_framework/decorators.py", line 50, in handler
    return func(*args, **kwargs)
           ^^^^^^^^^^^^^^^^^^^^^
  File "/usr/local/lib/python3.12/site-packages/django_ratelimit/decorators.py", line 19, in _wrapped
    ratelimited = is_ratelimited(request=request, group=group, fn=fn,
                  ^^^^^^^^^^^^^^^^^^^^^^^^^^^^^^^^^^^^^^^^^^^^^^^^^^^
  File "/usr/local/lib/python3.12/site-packages/django_ratelimit/core.py", line 153, in is_ratelimited
    usage = get_usage(request, group, fn, key, rate, method, increment)
            ^^^^^^^^^^^^^^^^^^^^^^^^^^^^^^^^^^^^^^^^^^^^^^^^^^^^^^^^^^^
  File "/usr/local/lib/python3.12/site-packages/django_ratelimit/core.py", line 231, in get_usage
    added = cache.add(cache_key, initial_value, period + EXPIRATION_FUDGE)
            ^^^^^^^^^^^^^^^^^^^^^^^^^^^^^^^^^^^^^^^^^^^^^^^^^^^^^^^^^^^^^^
  File "/usr/local/lib/python3.12/site-packages/django/core/cache/backends/redis.py", line 184, in add
    return self._cache.add(key, value, self.get_backend_timeout(timeout))
           ^^^^^^^^^^^^^^^^^^^^^^^^^^^^^^^^^^^^^^^^^^^^^^^^^^^^^^^^^^^^^^
  File "/usr/local/lib/python3.12/site-packages/django/core/cache/backends/redis.py", line 96, in add
    return bool(client.set(key, value, ex=timeout, nx=True))
                ^^^^^^^^^^^^^^^^^^^^^^^^^^^^^^^^^^^^^^^^^^^
  File "/usr/local/lib/python3.12/site-packages/redis/utils.py", line 493, in wrapper
    return func(*args, **kwargs)
           ^^^^^^^^^^^^^^^^^^^^^
  File "/usr/local/lib/python3.12/site-packages/redis/commands/core.py", line 2668, in set
    return self.execute_command("SET", *pieces, **options)
           ^^^^^^^^^^^^^^^^^^^^^^^^^^^^^^^^^^^^^^^^^^^^^^^
  File "/usr/local/lib/python3.12/site-packages/redis/client.py", line 716, in execute_command
    return self._execute_command(*args, **options)
           ^^^^^^^^^^^^^^^^^^^^^^^^^^^^^^^^^^^^^^^
  File "/usr/local/lib/python3.12/site-packages/redis/client.py", line 722, in _execute_command
    conn = self.connection or pool.get_connection()
                              ^^^^^^^^^^^^^^^^^^^^^
  File "/usr/local/lib/python3.12/site-packages/redis/utils.py", line 236, in wrapper
    return func(*args, **kwargs)
           ^^^^^^^^^^^^^^^^^^^^^
  File "/usr/local/lib/python3.12/site-packages/redis/connection.py", line 3041, in get_connection
    connection.connect()
  File "/usr/local/lib/python3.12/site-packages/redis/connection.py", line 976, in connect
    self.retry.call_with_retry(
  File "/usr/local/lib/python3.12/site-packages/redis/retry.py", line 132, in call_with_retry
    raise error
  File "/usr/local/lib/python3.12/site-packages/redis/retry.py", line 120, in call_with_retry
    return do()
           ^^^^
  File "/usr/local/lib/python3.12/site-packages/redis/connection.py", line 977, in <lambda>
    lambda: self.connect_check_health(
            ^^^^^^^^^^^^^^^^^^^^^^^^^^
  File "/usr/local/lib/python3.12/site-packages/redis/connection.py", line 1025, in connect_check_health
    raise e
redis.exceptions.ConnectionError: Error 111 connecting to redis:17082. Connection refused.
"POST /api/auth/login/ HTTP/1.1" 500 178159
Watching for file changes with StatReloader
Bad Request: /api/auth/register/
"POST /api/auth/register/ HTTP/1.1" 400 31
"POST /api/auth/login/ HTTP/1.1" 200 548
"POST /api/auth/register/ HTTP/1.1" 201 76
"OPTIONS /api/auth/login/ HTTP/1.1" 200 0
/app/core/settings/base.py changed, reloading.
Watching for file changes with StatReloader
/app/core/settings/base.py changed, reloading.
Watching for file changes with StatReloader
/app/core/settings/base.py changed, reloading.
Watching for file changes with StatReloader
"OPTIONS /api/auth/login/ HTTP/1.1" 200 0
"OPTIONS /api/auth/login/ HTTP/1.1" 200 0
"OPTIONS /api/auth/login/ HTTP/1.1" 200 0
"OPTIONS /api/auth/login/ HTTP/1.1" 200 0
"OPTIONS /api/auth/login/ HTTP/1.1" 200 0
"POST /api/auth/login/ HTTP/1.1" 200 548
Unauthorized: /api/auth/me/
"GET /api/auth/me/ HTTP/1.1" 401 40
Unauthorized: /api/auth/me/
"GET /api/auth/me/ HTTP/1.1" 401 25
"GET /api/auth/me/ HTTP/1.1" 200 79
Unauthorized: /api/auth/me/
"GET /api/auth/me/ HTTP/1.1" 401 25
Method Not Allowed: /api/jobs/
"POST /api/jobs/ HTTP/1.1" 405 68
Unauthorized: /api/auth/me/
"GET /api/auth/me/ HTTP/1.1" 401 40
"POST /api/auth/login/ HTTP/1.1" 200 548
Unauthorized: /api/auth/me/
"GET /api/auth/me/ HTTP/1.1" 401 40
Unauthorized: /api/auth/me/
"GET /api/auth/me/ HTTP/1.1" 401 40
Unauthorized: /api/auth/me/
"GET /api/auth/me/ HTTP/1.1" 401 40
"POST /api/auth/login/ HTTP/1.1" 200 548
"GET /api/auth/me/ HTTP/1.1" 200 79
"GET /api/boards/ HTTP/1.1" 200 95
"GET /api/boards/6a075ed426b87e7d99021cfc/ HTTP/1.1" 200 93
Internal Server Error: /api/boards/<id>/
Traceback (most recent call last):
  File "/usr/local/lib/python3.12/site-packages/django/core/handlers/exception.py", line 55, in inner
    response = get_response(request)
               ^^^^^^^^^^^^^^^^^^^^^
  File "/usr/local/lib/python3.12/site-packages/django/core/handlers/base.py", line 198, in _get_response
    response = wrapped_callback(request, *callback_args, **callback_kwargs)
               ^^^^^^^^^^^^^^^^^^^^^^^^^^^^^^^^^^^^^^^^^^^^^^^^^^^^^^^^^^^^
  File "/usr/local/lib/python3.12/site-packages/django/views/decorators/csrf.py", line 65, in _view_wrapper
    return view_func(request, *args, **kwargs)
           ^^^^^^^^^^^^^^^^^^^^^^^^^^^^^^^^^^^
  File "/usr/local/lib/python3.12/site-packages/django/views/generic/base.py", line 106, in view
    return self.dispatch(request, *args, **kwargs)
           ^^^^^^^^^^^^^^^^^^^^^^^^^^^^^^^^^^^^^^^
  File "/usr/local/lib/python3.12/site-packages/rest_framework/views.py", line 515, in dispatch
    response = self.handle_exception(exc)
               ^^^^^^^^^^^^^^^^^^^^^^^^^^
  File "/usr/local/lib/python3.12/site-packages/rest_framework/views.py", line 475, in handle_exception
    self.raise_uncaught_exception(exc)
  File "/usr/local/lib/python3.12/site-packages/rest_framework/views.py", line 486, in raise_uncaught_exception
    raise exc
  File "/usr/local/lib/python3.12/site-packages/rest_framework/views.py", line 512, in dispatch
    response = handler(request, *args, **kwargs)
               ^^^^^^^^^^^^^^^^^^^^^^^^^^^^^^^^^
  File "/usr/local/lib/python3.12/site-packages/rest_framework/decorators.py", line 50, in handler
    return func(*args, **kwargs)
           ^^^^^^^^^^^^^^^^^^^^^
  File "/app/apps/authentication/middleware.py", line 75, in wrapper
    return view_func(request, *args, **kwargs)
           ^^^^^^^^^^^^^^^^^^^^^^^^^^^^^^^^^^^
  File "/app/apps/boards/views.py", line 29, in single_board
    board = get_board_by_id(board_id, user['_id'])
            ^^^^^^^^^^^^^^^^^^^^^^^^^^^^^^^^^^^^^^
  File "/app/apps/boards/services.py", line 34, in get_board_by_id
    '_id': ObjectId(board_id),
           ^^^^^^^^^^^^^^^^^^
  File "/usr/local/lib/python3.12/site-packages/bson/objectid.py", line 116, in __init__
    _raise_invalid_id(oid)
  File "/usr/local/lib/python3.12/site-packages/bson/objectid.py", line 37, in _raise_invalid_id
    raise InvalidId(
bson.errors.InvalidId: '<id>' is not a valid ObjectId, it must be a 12-byte input or a 24-character hex string
"GET /api/boards/%3Cid%3E/ HTTP/1.1" 500 107341
"GET /api/boards/6a075ed426b87e7d99021cfc/ HTTP/1.1" 200 93
"GET /api/boards/6a075ed426b87e7d99021cfc/columns HTTP/1.1" 301 0
"GET /api/boards/6a075ed426b87e7d99021cfc/columns/ HTTP/1.1" 200 311
Unauthorized: /api/auth/me/
"GET /api/auth/me/ HTTP/1.1" 401 5220
"GET /static/rest_framework/css/prettify.css HTTP/1.1" 200 817
"GET /static/rest_framework/css/bootstrap-tweaks.css HTTP/1.1" 200 3426
"GET /static/rest_framework/js/ajax-form.js HTTP/1.1" 200 3796
"GET /static/rest_framework/css/default.css HTTP/1.1" 200 1152
"GET /static/rest_framework/js/csrf.js HTTP/1.1" 200 1793
"GET /static/rest_framework/js/jquery-3.7.1.min.js HTTP/1.1" 200 87533
"GET /static/rest_framework/css/bootstrap.min.css HTTP/1.1" 200 121457
"GET /static/rest_framework/js/default.js HTTP/1.1" 200 1268
"GET /static/rest_framework/js/prettify-min.js HTTP/1.1" 200 13632
"GET /static/rest_framework/js/load-ajax-form.js HTTP/1.1" 200 59
"GET /static/rest_framework/js/bootstrap.min.js HTTP/1.1" 200 39680
"GET /static/rest_framework/img/grid.png HTTP/1.1" 200 1458
Method Not Allowed: /api/auth/login/
"GET /api/auth/login/ HTTP/1.1" 405 5628
Not Found: /.well-known/appspecific/com.chrome.devtools.json
"GET /.well-known/appspecific/com.chrome.devtools.json HTTP/1.1" 404 3589
"GET /static/rest_framework/css/bootstrap.min.css.map HTTP/1.1" 200 540434
Method Not Allowed: /api/auth/login/
"GET /api/auth/login/ HTTP/1.1" 405 5628
Not Found: /.well-known/appspecific/com.chrome.devtools.json
"GET /.well-known/appspecific/com.chrome.devtools.json HTTP/1.1" 404 3589
Method Not Allowed: /api/auth/login/
"GET /api/auth/login/ HTTP/1.1" 405 5628
Not Found: /.well-known/appspecific/com.chrome.devtools.json
"GET /.well-known/appspecific/com.chrome.devtools.json HTTP/1.1" 404 3589
"OPTIONS /api/auth/login/ HTTP/1.1" 200 0
/app/core/settings/base.py changed, reloading.
Watching for file changes with StatReloader
"OPTIONS /api/auth/login/ HTTP/1.1" 200 0
Watching for file changes with StatReloader
Watching for file changes with StatReloader
"OPTIONS /api/auth/login/ HTTP/1.1" 200 0
"POST /api/auth/login/ HTTP/1.1" 200 548
Unauthorized: /api/auth/login/
"POST /api/auth/login/ HTTP/1.1" 401 199
Unauthorized: /api/auth/login/
"POST /api/auth/login/ HTTP/1.1" 401 199
"POST /api/auth/login/ HTTP/1.1" 200 548
Unauthorized: /api/auth/login/
"POST /api/auth/login/ HTTP/1.1" 401 199
Unauthorized: /api/auth/login/
"POST /api/auth/login/ HTTP/1.1" 401 199
Unauthorized: /api/auth/login/
"POST /api/auth/login/ HTTP/1.1" 401 199
Unauthorized: /api/auth/login/
"POST /api/auth/login/ HTTP/1.1" 401 199
Unauthorized: /api/auth/login/
"POST /api/auth/login/ HTTP/1.1" 401 199
"POST /api/auth/login/ HTTP/1.1" 200 548
"OPTIONS /api/auth/login/ HTTP/1.1" 200 0
"POST /api/auth/login/ HTTP/1.1" 200 548
"OPTIONS /api/auth/login/ HTTP/1.1" 200 0
"POST /api/auth/login/ HTTP/1.1" 200 548
Unauthorized: /api/auth/me/
"GET /api/auth/me/ HTTP/1.1" 401 40
"POST /api/auth/login/ HTTP/1.1" 200 548
Unauthorized: /api/auth/me/
"GET /api/auth/me/ HTTP/1.1" 401 40
"GET /swagger/ HTTP/1.1" 200 2164
"GET /static/drf-yasg/insQ.min.js HTTP/1.1" 200 2093
"GET /static/drf-yasg/style.css HTTP/1.1" 200 1187
"GET /static/drf-yasg/immutable.min.js HTTP/1.1" 200 56904
"GET /static/drf-yasg/swagger-ui-init.js HTTP/1.1" 200 15480
"GET /static/drf-yasg/swagger-ui-dist/swagger-ui.css HTTP/1.1" 200 177183
"GET /static/drf-yasg/swagger-ui-dist/swagger-ui-standalone-preset.js HTTP/1.1" 200 252451
"GET /static/drf-yasg/swagger-ui-dist/swagger-ui-bundle.js HTTP/1.1" 200 1510271
"GET /swagger/?format=openapi HTTP/1.1" 200 4049
"GET /static/drf-yasg/swagger-ui-dist/favicon-32x32.png HTTP/1.1" 200 628
"OPTIONS /api/auth/me/ HTTP/1.1" 200 0
"GET /api/auth/me/ HTTP/1.1" 200 79
"GET /api/auth/me/ HTTP/1.1" 200 79
"OPTIONS /api/boards/ HTTP/1.1" 200 0
"GET /api/boards/ HTTP/1.1" 200 95
"POST /api/auth/login/ HTTP/1.1" 200 548
"GET /api/auth/me/ HTTP/1.1" 200 79
"GET /api/boards/ HTTP/1.1" 200 95
"GET /api/auth/me/ HTTP/1.1" 200 79
"GET /api/boards/ HTTP/1.1" 200 95
"GET /api/boards/6a075ed426b87e7d99021cfc/ HTTP/1.1" 200 93
"GET /api/boards/6a075ed426b87e7d99021cfc/columns HTTP/1.1" 301 0
"GET /api/boards/6a075ed426b87e7d99021cfc/columns/ HTTP/1.1" 200 311
Not Found: /api/jobs/6a08b6ede4dcd7f51fcaf1fb/
"GET /api/jobs/6a08b6ede4dcd7f51fcaf1fb/ HTTP/1.1" 404 25
Bad Request: /api/auth/register/
"POST /api/auth/register/ HTTP/1.1" 400 31
"POST /api/auth/login/ HTTP/1.1" 200 548
Invalid HTTP_HOST header: '<calculated when request is sent>'. The domain name provided is not valid according to RFC 1034/1035.
Traceback (most recent call last):
  File "/usr/local/lib/python3.12/site-packages/django/core/handlers/exception.py", line 55, in inner
    response = get_response(request)
               ^^^^^^^^^^^^^^^^^^^^^
  File "/usr/local/lib/python3.12/site-packages/django/utils/deprecation.py", line 308, in __call__
    response = self.process_request(request)
               ^^^^^^^^^^^^^^^^^^^^^^^^^^^^^
  File "/usr/local/lib/python3.12/site-packages/django/middleware/common.py", line 48, in process_request
    host = request.get_host()
           ^^^^^^^^^^^^^^^^^^
  File "/usr/local/lib/python3.12/site-packages/django/http/request.py", line 206, in get_host
    raise DisallowedHost(msg)
django.core.exceptions.DisallowedHost: Invalid HTTP_HOST header: '<calculated when request is sent>'. The domain name provided is not valid according to RFC 1034/1035.
"GET /api/auth/me/ HTTP/1.1" 400 62418
Unauthorized: /api/auth/me/
"GET /api/auth/me/ HTTP/1.1" 401 5220
Not Found: /api/
"GET /api/ HTTP/1.1" 404 3457
Not Found: /api/analytics/
"GET /api/analytics/ HTTP/1.1" 404 4201
"GET /swagger/ HTTP/1.1" 200 2164
"GET /swagger/?format=openapi HTTP/1.1" 200 4049
"GET /api/analytics/summary/ HTTP/1.1" 200 57
Unauthorized: /api/analytics/status-distribution/
"GET /api/analytics/status-distribution/ HTTP/1.1" 401 40
"GET /api/analytics/status-distribution/ HTTP/1.1" 200 2
"GET /api/analytics/recent-applications/ HTTP/1.1" 200 2
"GET /health/ HTTP/1.1" 200 20
Unauthorized: /api/analytics/recent-applications/
"GET /api/analytics/recent-applications/ HTTP/1.1" 401 40
"GET /api/jobs/ HTTP/1.1" 200 66
"GET /api/boards/ HTTP/1.1" 200 95
"GET /api/auth/me/ HTTP/1.1" 200 79
"OPTIONS /api/auth/login/ HTTP/1.1" 200 0
"POST /api/auth/login/ HTTP/1.1" 200 548
"OPTIONS /api/auth/login/ HTTP/1.1" 200 0
"POST /api/auth/login/ HTTP/1.1" 200 548
"OPTIONS /api/boards/ HTTP/1.1" 200 0
"OPTIONS /api/jobs/ HTTP/1.1" 200 0
"GET /api/boards/ HTTP/1.1" 200 95
"GET /api/jobs/ HTTP/1.1" 200 66
"OPTIONS /api/boards/6a075ed426b87e7d99021cfc/columns HTTP/1.1" 200 0
"GET /api/boards/6a075ed426b87e7d99021cfc/columns HTTP/1.1" 301 0
"OPTIONS /api/boards/6a075ed426b87e7d99021cfc/columns/ HTTP/1.1" 200 0
"GET /api/boards/6a075ed426b87e7d99021cfc/columns/ HTTP/1.1" 200 311
